0 info it worked if it ends with ok
1 verbose cli [ 'D:\\Soft\\NodeJs\\node.exe',
1 verbose cli   'D:\\Soft\\NodeJs\\node_modules\\npm\\bin\\npm-cli.js',
1 verbose cli   'run-script',
1 verbose cli   'watchify' ]
2 info using npm@2.15.8
3 info using node@v4.4.7
4 verbose run-script [ 'prewatchify', 'watchify', 'postwatchify' ]
5 info prewatchify webapp@0.1.0
6 info watchify webapp@0.1.0
7 verbose unsafe-perm in lifecycle true
8 info webapp@0.1.0 Failed to exec watchify script
9 verbose stack Error: webapp@0.1.0 watchify: `watchify -vd -p browserify-hmr -e src/main.js -o dist/build.js`
9 verbose stack Exit status 1
9 verbose stack     at EventEmitter.<anonymous> (D:\Soft\NodeJs\node_modules\npm\lib\utils\lifecycle.js:217:16)
9 verbose stack     at emitTwo (events.js:87:13)
9 verbose stack     at EventEmitter.emit (events.js:172:7)
9 verbose stack     at ChildProcess.<anonymous> (D:\Soft\NodeJs\node_modules\npm\lib\utils\spawn.js:24:14)
9 verbose stack     at emitTwo (events.js:87:13)
9 verbose stack     at ChildProcess.emit (events.js:172:7)
9 verbose stack     at maybeClose (internal/child_process.js:827:16)
9 verbose stack     at Process.ChildProcess._handle.onexit (internal/child_process.js:211:5)
10 verbose pkgid webapp@0.1.0
11 verbose cwd D:\project\powerlift\src\webapp
12 error Windows_NT 6.1.7601
13 error argv "D:\\Soft\\NodeJs\\node.exe" "D:\\Soft\\NodeJs\\node_modules\\npm\\bin\\npm-cli.js" "run-script" "watchify"
14 error node v4.4.7
15 error npm  v2.15.8
16 error code ELIFECYCLE
17 error webapp@0.1.0 watchify: `watchify -vd -p browserify-hmr -e src/main.js -o dist/build.js`
17 error Exit status 1
18 error Failed at the webapp@0.1.0 watchify script 'watchify -vd -p browserify-hmr -e src/main.js -o dist/build.js'.
18 error This is most likely a problem with the webapp package,
18 error not with npm itself.
18 error Tell the author that this fails on your system:
18 error     watchify -vd -p browserify-hmr -e src/main.js -o dist/build.js
18 error You can get information on how to open an issue for this project with:
18 error     npm bugs webapp
18 error Or if that isn't available, you can get their info via:
18 error
18 error     npm owner ls webapp
18 error There is likely additional logging output above.
19 verbose exit [ 1, true ]
